leitor_cartao/build/app/outputs/mapping/release/mapping.txt
# compiler: R8
# compiler_version: 8.1.56
# min_api: 21
# common_typos_disable
# {"id":"com.android.tools.r8.mapping","version":"2.2"}
# pg_map_id: 39214bc
# pg_map_hash: SHA-256 39214bc636e547ecb4b9563d3ebd994cbe76f32d3336c3a3400d052853fcb32b
...
com.google.android.gms.signin.internal.zaf -> j2.g:
    1:1:void <init>(android.os.IBinder):0:0 -> <init>
    1:1:void zag(com.google.android.gms.signin.internal.zai,com.google.android.gms.signin.internal.zae):0:0 -> D
      # {"id":"com.android.tools.r8.residualsignature","signature":"(Lj2/j;Lj2/f;)V"}
com.google.android.gms.signin.internal.zag -> j2.h:
    java.util.List zaa -> a
    java.lang.String zab -> b
    1:1:void <clinit>():0:0 -> <clinit>
    1:1:void <init>(java.util.List,java.lang.String):0:0 -> <init>
    1:1:void writeToParcel(android.os.Parcel,int):0:0 -> writeToParcel
com.google.android.gms.signin.internal.zah -> j2.i:
    void <init>() -> <init>
    1:1:java.lang.Object createFromParcel(android.os.Parcel):0:0 -> createFromParcel
    1:1:java.lang.Object[] newArray(int):0:0 -> newArray
com.google.android.gms.signin.internal.zai -> j2.j:
    int zaa -> a
    com.google.android.gms.common.internal.zat zab -> b
    1:1:void <clinit>():0:0 -> <clinit>
    1:1:void <init>(int,com.google.android.gms.common.internal.zat):0:0 -> <init>
      # {"id":"com.android.tools.r8.residualsignature","signature":"(ILy1/f0;)V"}
    1:1:void writeToParcel(android.os.Parcel,int):0:0 -> writeToParcel
com.google.android.gms.signin.internal.zaj -> j2.k:
    void <init>() -> <init>
    1:1:java.lang.Object createFromParcel(android.os.Parcel):0:0 -> createFromParcel
    1:1:java.lang.Object[] newArray(int):0:0 -> newArray
com.google.android.gms.signin.internal.zak -> j2.l:
    int zaa -> a
    com.google.android.gms.common.ConnectionResult zab -> b
    com.google.android.gms.common.internal.zav zac -> c
    1:1:void <clinit>():0:0 -> <clinit>
    1:1:void <init>(int,com.google.android.gms.common.ConnectionResult,com.google.android.gms.common.internal.zav):0:0 -> <init>
      # {"id":"com.android.tools.r8.residualsignature","signature":"(ILv1/a;Ly1/h0;)V"}
    1:1:com.google.android.gms.common.ConnectionResult zaa():0:0 -> a
      # {"id":"com.android.tools.r8.residualsignature","signature":"()Lv1/a;"}
    1:1:com.google.android.gms.common.internal.zav zab():0:0 -> b
      # {"id":"com.android.tools.r8.residualsignature","signature":"()Ly1/h0;"}
    1:1:void writeToParcel(android.os.Parcel,int):0:0 -> writeToParcel
com.google.android.gms.signin.internal.zal -> j2.m:
    void <init>() -> <init>
    1:1:java.lang.Object createFromParcel(android.os.Parcel):0:0 -> createFromParcel
    1:1:java.lang.Object[] newArray(int):0:0 -> newArray
com.google.android.gms.signin.zaa -> i2.b:
    void <init>() -> <init>
    1:1:com.google.android.gms.common.api.Api$Client buildClient(android.content.Context,android.os.Looper,com.google.android.gms.common.internal.ClientSettings,java.lang.Object,com.google.android.gms.common.api.GoogleApiClient$ConnectionCallbacks,com.google.android.gms.common.api.GoogleApiClient$OnConnectionFailedListener):0:0 -> a
      # {"id":"com.android.tools.r8.residualsignature","signature":"(Landroid/content/Context;Landroid/os/Looper;Ly1/d;Ljava/lang/Object;Lw1/f$a;Lw1/f$b;)Lw1/a$f;"}
com.google.android.gms.signin.zab -> i2.c:
    void <init>() -> <init>
    1:1:com.google.android.gms.common.api.Api$Client buildClient(android.content.Context,android.os.Looper,com.google.android.gms.common.internal.ClientSettings,java.lang.Object,com.google.android.gms.common.api.GoogleApiClient$ConnectionCallbacks,com.google.android.gms.common.api.GoogleApiClient$OnConnectionFailedListener):0:0 -> a
      # {"id":"com.android.tools.r8.residualsignature","signature":"(Landroid/content/Context;Landroid/os/Looper;Ly1/d;Ljava/lang/Object;Lw1/f$a;Lw1/f$b;)Lw1/a$f;"}