leitor_cartao/build/app/outputs/mapping/release/usage.txt
com.example.leitor_cartao.R$drawable
com.example.leitor_cartao.R$mipmap
com.example.leitor_cartao.R$style
com.example.leitor_cartao.R
...
androidx.profileinstaller.R
androidx.recyclerview.R$attr
androidx.recyclerview.R$color
androidx.recyclerview.R$dimen:
    public static int compat_button_inset_horizontal_material
    public static int compat_button_inset_vertical_material
    public static int compat_button_padding_horizontal_material
    public static int compat_button_padding_vertical_material
    public static int compat_control_corner_material
    public static int compat_notification_large_icon_max_height
    public static int compat_notification_large_icon_max_width
    public static int item_touch_helper_max_drag_scroll_per_frame
    public static int item_touch_helper_swipe_escape_max_velocity
    public static int item_touch_helper_swipe_escape_velocity
    public static int notification_action_icon_size
    public static int notification_action_text_size
    public static int notification_big_circle_margin
    public static int notification_content_margin_start
    public static int notification_large_icon_height
    public static int notification_large_icon_width
    public static int notification_main_column_padding_top
    public static int notification_media_narrow_margin
    public static int notification_right_icon_size
    public static int notification_right_side_padding_top
    public static int notification_small_icon_background_padding
    public static int notification_small_icon_size_as_large
    public static int notification_subtext_size
    public static int notification_top_pad
    public static int notification_top_pad_large_text
    private void <init>()
androidx.recyclerview.R$drawable
androidx.recyclerview.R$id
androidx.recyclerview.R$integer
androidx.recyclerview.R$layout
androidx.recyclerview.R$string
androidx.recyclerview.R$style
androidx.recyclerview.R$styleable:
    public static int ColorStateListItem_alpha
    public static int ColorStateListItem_android_alpha
    public static int ColorStateListItem_android_color
    public static int ColorStateListItem_android_lStar
    public static int ColorStateListItem_lStar
    public static int CoordinatorLayout_Layout_android_layout_gravity
    public static int CoordinatorLayout_Layout_layout_anchor
    public static int CoordinatorLayout_Layout_layout_anchorGravity
    public static int CoordinatorLayout_Layout_layout_behavior
    public static int CoordinatorLayout_Layout_layout_dodgeInsetEdges
    public static int CoordinatorLayout_Layout_layout_insetEdge
    public static int CoordinatorLayout_Layout_layout_keyline
    public static int CoordinatorLayout_keylines
    public static int CoordinatorLayout_statusBarBackground
    public static int FontFamilyFont_android_font
    public static int FontFamilyFont_android_fontStyle
    public static int FontFamilyFont_android_fontVariationSettings
    public static int FontFamilyFont_android_fontWeight
    public static int FontFamilyFont_android_ttcIndex
    public static int FontFamilyFont_font
    public static int FontFamilyFont_fontStyle
    public static int FontFamilyFont_fontVariationSettings
    public static int FontFamilyFont_fontWeight
    public static int FontFamilyFont_ttcIndex
    public static int FontFamily_fontProviderAuthority
    public static int FontFamily_fontProviderCerts
androidx.recyclerview.R
androidx.recyclerview.widget.AdapterHelper$UpdateOp:
    static final int ADD
    static final int MOVE
    static final int POOL_SIZE
    static final int REMOVE
    static final int UPDATE
androidx.recyclerview.widget.AdapterHelper:
    private static final boolean DEBUG
    static final int POSITION_TYPE_INVISIBLE
    static final int POSITION_TYPE_NEW_OR_LAID_OUT
    private static final java.lang.String TAG
    varargs androidx.recyclerview.widget.AdapterHelper addUpdateOp(androidx.recyclerview.widget.AdapterHelper$UpdateOp[])
    boolean onItemRangeChanged(int,int,java.lang.Object)
    boolean onItemRangeInserted(int,int)
    boolean onItemRangeMoved(int,int,int)
    boolean onItemRangeRemoved(int,int)